<?xml version="1.0" encoding="UTF-8"?>
<testsuite name="jwt Test" tests="1" skipped="0" failures="0" errors="0" timestamp="2024-02-01T00:58:35" hostname="DESKTOP-LL7FDJ6" time="0.66">
  <properties/>
  <testcase name="의존성 주입 테스트" classname="com.nofriend.sonmandube.SonmanduBeApplicationTests" time="0.66"/>
  <system-out><![CDATA[09:58:28.538 [Test worker] INFO org.springframework.test.context.support.AnnotationConfigContextLoaderUtils -- Could not detect default configuration classes for test class [com.nofriend.sonmandube.SonmanduBeApplicationTests]: SonmanduBeApplicationTests does not declare any static, non-private, non-final, nested classes annotated with @Configuration.
09:58:28.644 [Test worker] INFO org.springframework.boot.test.context.SpringBootTestContextBootstrapper -- Found @SpringBootConfiguration com.nofriend.sonmandube.SonmanduBeApplication for test class com.nofriend.sonmandube.SonmanduBeApplicationTests

  .   ____          _            __ _ _
 /\\ / ___'_ __ _ _(_)_ __  __ _ \ \ \ \
( ( )\___ | '_ | '_| | '_ \/ _` | \ \ \ \
 \\/  ___)| |_)| | | | | || (_| |  ) ) ) )
  '  |____| .__|_| |_|_| |_\__, | / / / /
 =========|_|==============|___/=/_/_/_/
 :: Spring Boot ::                (v3.2.2)

2024-02-01T09:58:29.099+09:00  INFO 9056 --- [    Test worker] c.n.s.SonmanduBeApplicationTests         : Starting SonmanduBeApplicationTests using Java 21.0.1 with PID 9056 (started by SSAFY in C:\mehot98\S10P12B111\sonmandu-be)
2024-02-01T09:58:29.102+09:00  INFO 9056 --- [    Test worker] c.n.s.SonmanduBeApplicationTests         : The following 2 profiles are active: "env", "dev"
2024-02-01T09:58:29.879+09:00  INFO 9056 --- [    Test worker] .s.d.r.c.RepositoryConfigurationDelegate : Bootstrapping Spring Data JPA repositories in DEFAULT mode.
2024-02-01T09:58:29.964+09:00  INFO 9056 --- [    Test worker] .s.d.r.c.RepositoryConfigurationDelegate : Finished Spring Data repository scanning in 78 ms. Found 5 JPA repository interfaces.
2024-02-01T09:58:30.687+09:00  INFO 9056 --- [    Test worker] o.hibernate.jpa.internal.util.LogHelper  : HHH000204: Processing PersistenceUnitInfo [name: default]
2024-02-01T09:58:30.816+09:00  INFO 9056 --- [    Test worker] org.hibernate.Version                    : HHH000412: Hibernate ORM core version 6.4.1.Final
2024-02-01T09:58:30.875+09:00  INFO 9056 --- [    Test worker] o.h.c.internal.RegionFactoryInitiator    : HHH000026: Second-level cache disabled
2024-02-01T09:58:31.227+09:00  INFO 9056 --- [    Test worker] o.s.o.j.p.SpringPersistenceUnitInfo      : No LoadTimeWeaver setup: ignoring JPA class transformer
2024-02-01T09:58:31.273+09:00  INFO 9056 --- [    Test worker] com.zaxxer.hikari.HikariDataSource       : HikariPool-1 - Starting...
2024-02-01T09:58:31.610+09:00  INFO 9056 --- [    Test worker] com.zaxxer.hikari.pool.HikariPool        : HikariPool-1 - Added connection conn0: url=jdbc:h2:~/test user=USER
2024-02-01T09:58:31.612+09:00  INFO 9056 --- [    Test worker] com.zaxxer.hikari.HikariDataSource       : HikariPool-1 - Start completed.
2024-02-01T09:58:32.099+09:00  WARN 9056 --- [    Test worker] org.hibernate.mapping.RootClass          : HHH000038: Composite-id class does not override equals(): com.nofriend.sonmandube.handwriting.domain.HandwritingTagId
2024-02-01T09:58:32.099+09:00  WARN 9056 --- [    Test worker] org.hibernate.mapping.RootClass          : HHH000039: Composite-id class does not override hashCode(): com.nofriend.sonmandube.handwriting.domain.HandwritingTagId
2024-02-01T09:58:33.049+09:00  INFO 9056 --- [    Test worker] o.h.e.t.j.p.i.JtaPlatformInitiator       : HHH000489: No JTA platform available (set 'hibernate.transaction.jta.platform' to enable JTA platform integration)
2024-02-01T09:58:33.123+09:00  INFO 9056 --- [    Test worker] j.LocalContainerEntityManagerFactoryBean : Initialized JPA EntityManagerFactory for persistence unit 'default'
2024-02-01T09:58:34.717+09:00  WARN 9056 --- [    Test worker] JpaBaseConfiguration$JpaWebConfiguration : spring.jpa.open-in-view is enabled by default. Therefore, database queries may be performed during view rendering. Explicitly configure spring.jpa.open-in-view to disable this warning
2024-02-01T09:58:35.173+09:00  INFO 9056 --- [    Test worker] o.s.s.web.DefaultSecurityFilterChain     : Will secure any request with [org.springframework.security.web.session.DisableEncodeUrlFilter@7e7f72, org.springframework.security.web.context.request.async.WebAsyncManagerIntegrationFilter@446c8a54, org.springframework.security.web.context.SecurityContextHolderFilter@3d8c3d0a, org.springframework.security.web.header.HeaderWriterFilter@5563a63f, org.springframework.web.filter.CorsFilter@3787eac3, org.springframework.security.web.csrf.CsrfFilter@30b91493, org.springframework.security.web.authentication.logout.LogoutFilter@2008dfa7, com.nofriend.sonmandube.jwt.JwtFilter@27a57c66, org.springframework.security.web.savedrequest.RequestCacheAwareFilter@26c75b91, org.springframework.security.web.servletapi.SecurityContextHolderAwareRequestFilter@3a44ebd5, org.springframework.security.web.authentication.AnonymousAuthenticationFilter@5453020f, org.springframework.security.web.access.ExceptionTranslationFilter@85446a, org.springframework.security.web.access.intercept.AuthorizationFilter@e9fa0ea]
2024-02-01T09:58:35.738+09:00  INFO 9056 --- [    Test worker] o.s.b.a.h2.H2ConsoleAutoConfiguration    : H2 console available at '/h2-console'. Database available at 'jdbc:h2:~/test'
2024-02-01T09:58:35.815+09:00  INFO 9056 --- [    Test worker] c.n.s.SonmanduBeApplicationTests         : Started SonmanduBeApplicationTests in 7.007 seconds (process running for 8.275)
dlksjfidsiojfoidsjfoijsdoijfoidsfoidjsoifdijgldfkgmlsffsdijfoijdsofijsdoijfodisjfoijsdoijfo
]]></system-out>
  <system-err><![CDATA[WARNING: A Java agent has been loaded dynamically (C:\Users\SSAFY\.gradle\caches\modules-2\files-2.1\net.bytebuddy\byte-buddy-agent\1.14.11\f9cb566608fbac6bc7bf54901a7aa11543a989ee\byte-buddy-agent-1.14.11.jar)
WARNING: If a serviceability tool is in use, please run with -XX:+EnableDynamicAgentLoading to hide this warning
WARNING: If a serviceability tool is not in use, please run with -Djdk.instrument.traceUsage for more information
WARNING: Dynamic loading of agents will be disallowed by default in a future release
]]></system-err>
</testsuite>
