<?xml version="1.0" encoding="UTF-8"?>
<testsuite name="com.nofriend.sonmandube.member.controller.MemberControllerTest" tests="1" skipped="0" failures="0" errors="0" timestamp="2024-02-01T15:52:29" hostname="iseungmin-ui-MacBookAir.local" time="4.554">
  <properties/>
  <testcase name="testDeleteMember()" classname="com.nofriend.sonmandube.member.controller.MemberControllerTest" time="4.554"/>
  <system-out><![CDATA[00:52:10.377 [Test worker] INFO org.springframework.test.context.support.AnnotationConfigContextLoaderUtils -- Could not detect default configuration classes for test class [com.nofriend.sonmandube.member.controller.MemberControllerTest]: MemberControllerTest does not declare any static, non-private, non-final, nested classes annotated with @Configuration.
00:52:12.328 [Test worker] INFO org.springframework.boot.test.context.SpringBootTestContextBootstrapper -- Found @SpringBootConfiguration com.nofriend.sonmandube.SonmanduBeApplication for test class com.nofriend.sonmandube.member.controller.MemberControllerTest

  .   ____          _            __ _ _
 /\\ / ___'_ __ _ _(_)_ __  __ _ \ \ \ \
( ( )\___ | '_ | '_| | '_ \/ _` | \ \ \ \
 \\/  ___)| |_)| | | | | || (_| |  ) ) ) )
  '  |____| .__|_| |_|_| |_\__, | / / / /
 =========|_|==============|___/=/_/_/_/
 :: Spring Boot ::                (v3.2.2)

2024-02-02T00:52:15.204+09:00  INFO 36117 --- [    Test worker] c.n.s.m.controller.MemberControllerTest  : Starting MemberControllerTest using Java 17.0.9 with PID 36117 (started by seungmin in /Users/seungmin/mehot98/S10P12B111/sonmandu-be)
2024-02-02T00:52:15.304+09:00  INFO 36117 --- [    Test worker] c.n.s.m.controller.MemberControllerTest  : The following 2 profiles are active: "env", "dev"
2024-02-02T00:52:18.212+09:00  INFO 36117 --- [    Test worker] .s.d.r.c.RepositoryConfigurationDelegate : Bootstrapping Spring Data JPA repositories in DEFAULT mode.
2024-02-02T00:52:18.401+09:00  INFO 36117 --- [    Test worker] .s.d.r.c.RepositoryConfigurationDelegate : Finished Spring Data repository scanning in 177 ms. Found 5 JPA repository interfaces.
2024-02-02T00:52:19.905+09:00  INFO 36117 --- [    Test worker] o.hibernate.jpa.internal.util.LogHelper  : HHH000204: Processing PersistenceUnitInfo [name: default]
2024-02-02T00:52:20.071+09:00  INFO 36117 --- [    Test worker] org.hibernate.Version                    : HHH000412: Hibernate ORM core version 6.4.1.Final
2024-02-02T00:52:20.126+09:00  INFO 36117 --- [    Test worker] o.h.c.internal.RegionFactoryInitiator    : HHH000026: Second-level cache disabled
2024-02-02T00:52:20.449+09:00  INFO 36117 --- [    Test worker] o.s.o.j.p.SpringPersistenceUnitInfo      : No LoadTimeWeaver setup: ignoring JPA class transformer
2024-02-02T00:52:20.484+09:00  INFO 36117 --- [    Test worker] com.zaxxer.hikari.HikariDataSource       : HikariPool-1 - Starting...
2024-02-02T00:52:20.969+09:00  INFO 36117 --- [    Test worker] com.zaxxer.hikari.pool.HikariPool        : HikariPool-1 - Added connection conn0: url=jdbc:h2:~/test user=USER
2024-02-02T00:52:20.976+09:00  INFO 36117 --- [    Test worker] com.zaxxer.hikari.HikariDataSource       : HikariPool-1 - Start completed.
2024-02-02T00:52:21.778+09:00  WARN 36117 --- [    Test worker] org.hibernate.mapping.RootClass          : HHH000038: Composite-id class does not override equals(): com.nofriend.sonmandube.handwriting.domain.HandwritingTagId
2024-02-02T00:52:21.779+09:00  WARN 36117 --- [    Test worker] org.hibernate.mapping.RootClass          : HHH000039: Composite-id class does not override hashCode(): com.nofriend.sonmandube.handwriting.domain.HandwritingTagId
2024-02-02T00:52:22.875+09:00  INFO 36117 --- [    Test worker] o.h.e.t.j.p.i.JtaPlatformInitiator       : HHH000489: No JTA platform available (set 'hibernate.transaction.jta.platform' to enable JTA platform integration)
2024-02-02T00:52:22.970+09:00  INFO 36117 --- [    Test worker] j.LocalContainerEntityManagerFactoryBean : Initialized JPA EntityManagerFactory for persistence unit 'default'
2024-02-02T00:52:26.566+09:00  WARN 36117 --- [    Test worker] JpaBaseConfiguration$JpaWebConfiguration : spring.jpa.open-in-view is enabled by default. Therefore, database queries may be performed during view rendering. Explicitly configure spring.jpa.open-in-view to disable this warning
2024-02-02T00:52:27.540+09:00  INFO 36117 --- [    Test worker] o.s.s.web.DefaultSecurityFilterChain     : Will secure any request with [org.springframework.security.web.session.DisableEncodeUrlFilter@1849d35a, org.springframework.security.web.context.request.async.WebAsyncManagerIntegrationFilter@2154de40, org.springframework.security.web.context.SecurityContextHolderFilter@7227e3f1, org.springframework.security.web.header.HeaderWriterFilter@7a1587e8, org.springframework.web.filter.CorsFilter@41a940a9, org.springframework.security.web.csrf.CsrfFilter@7bd4f212, org.springframework.security.web.authentication.logout.LogoutFilter@3674164b, com.nofriend.sonmandube.jwt.JwtFilter@423e35f0, org.springframework.security.web.savedrequest.RequestCacheAwareFilter@50ccd6a, org.springframework.security.web.servletapi.SecurityContextHolderAwareRequestFilter@6bb2dae6, org.springframework.security.web.authentication.AnonymousAuthenticationFilter@14bbfdee, org.springframework.security.web.access.ExceptionTranslationFilter@5c516cab, org.springframework.security.web.access.intercept.AuthorizationFilter@5d27a744]
2024-02-02T00:52:28.165+09:00  INFO 36117 --- [    Test worker] o.s.b.a.h2.H2ConsoleAutoConfiguration    : H2 console available at '/h2-console'. Database available at 'jdbc:h2:~/test'
2024-02-02T00:52:28.427+09:00  INFO 36117 --- [    Test worker] o.s.b.t.m.w.SpringBootMockServletContext : Initializing Spring TestDispatcherServlet ''
2024-02-02T00:52:28.432+09:00  INFO 36117 --- [    Test worker] o.s.t.web.servlet.TestDispatcherServlet  : Initializing Servlet ''
2024-02-02T00:52:28.437+09:00  INFO 36117 --- [    Test worker] o.s.t.web.servlet.TestDispatcherServlet  : Completed initialization in 4 ms
2024-02-02T00:52:28.520+09:00  INFO 36117 --- [    Test worker] c.n.s.m.controller.MemberControllerTest  : Started MemberControllerTest in 15.464 seconds (process running for 22.619)
]]></system-out>
  <system-err><![CDATA[]]></system-err>
</testsuite>
